[0.067s] DEBUG:colcon:Command line arguments: ['/usr/bin/colcon', 'build', '--packages-select', 'px4_msgs']
[0.067s] DEBUG:colcon:Parsed command line arguments: Namespace(log_base=None, log_level=None, verb_name='build', build_base='build', install_base='install', merge_install=False, symlink_install=False, test_result_base=None, continue_on_error=False, executor='parallel', parallel_workers=16, event_handlers=None, ignore_user_meta=False, metas=['./colcon.meta'], base_paths=['.'], packages_ignore=None, packages_ignore_regex=None, paths=None, packages_up_to=None, packages_up_to_regex=None, packages_above=None, packages_above_and_dependencies=None, packages_above_depth=None, packages_select_by_dep=None, packages_skip_by_dep=None, packages_skip_up_to=None, packages_select_build_failed=False, packages_skip_build_finished=False, packages_select_test_failures=False, packages_skip_test_passed=False, packages_select=['px4_msgs'], packages_skip=None, packages_select_regex=None, packages_skip_regex=None, packages_start=None, packages_end=None, allow_overriding=[], cmake_args=None, cmake_target=None, cmake_target_skip_unavailable=False, cmake_clean_cache=False, cmake_clean_first=False, cmake_force_configure=False, ament_cmake_args=None, catkin_cmake_args=None, catkin_skip_building_tests=False, mixin_files=None, mixin=None, verb_parser=<colcon_mixin.mixin.mixin_argument.MixinArgumentDecorator object at 0x760e900a89d0>, verb_extension=<colcon_core.verb.build.BuildVerb object at 0x760e901ba0b0>, main=<bound method BuildVerb.main of <colcon_core.verb.build.BuildVerb object at 0x760e901ba0b0>>, mixin_verb=('build',))
[0.092s] Level 1:colcon.colcon_core.package_discovery:discover_packages(colcon_meta) check parameters
[0.092s] Level 1:colcon.colcon_core.package_discovery:discover_packages(recursive) check parameters
[0.092s] Level 1:colcon.colcon_core.package_discovery:discover_packages(ignore) check parameters
[0.092s] Level 1:colcon.colcon_core.package_discovery:discover_packages(path) check parameters
[0.092s] Level 1:colcon.colcon_core.package_discovery:discover_packages(colcon_meta) discover
[0.092s] Level 1:colcon.colcon_core.package_discovery:discover_packages(recursive) discover
[0.092s] INFO:colcon.colcon_core.package_discovery:Crawling recursively for packages in '/home/alanportatil2/Documentos/GitHub/drongit'
[0.093s] Level 1:colcon.colcon_core.package_identification:_identify(.) by extensions ['ignore', 'ignore_ament_install']
[0.093s] Level 1:colcon.colcon_core.package_identification:_identify(.) by extension 'ignore'
[0.093s] Level 1:colcon.colcon_core.package_identification:_identify(.) by extension 'ignore_ament_install'
[0.093s] Level 1:colcon.colcon_core.package_identification:_identify(.) by extensions ['colcon_pkg']
[0.093s] Level 1:colcon.colcon_core.package_identification:_identify(.) by extension 'colcon_pkg'
[0.093s] Level 1:colcon.colcon_core.package_identification:_identify(.) by extensions ['colcon_meta']
[0.093s] Level 1:colcon.colcon_core.package_identification:_identify(.) by extension 'colcon_meta'
[0.093s] Level 1:colcon.colcon_core.package_identification:_identify(.) by extensions ['ros']
[0.093s] Level 1:colcon.colcon_core.package_identification:_identify(.) by extension 'ros'
[0.101s] Level 1:colcon.colcon_core.package_identification:_identify(.) by extensions ['cmake', 'python']
[0.102s] Level 1:colcon.colcon_core.package_identification:_identify(.) by extension 'cmake'
[0.102s] Level 1:colcon.colcon_core.package_identification:_identify(.) by extension 'python'
[0.102s] Level 1:colcon.colcon_core.package_identification:_identify(.) by extensions ['python_setup_py']
[0.102s] Level 1:colcon.colcon_core.package_identification:_identify(.) by extension 'python_setup_py'
[0.102s] Level 1:colcon.colcon_core.package_identification:_identify(build) by extensions ['ignore', 'ignore_ament_install']
[0.102s] Level 1:colcon.colcon_core.package_identification:_identify(build) by extension 'ignore'
[0.102s] Level 1:colcon.colcon_core.package_identification:_identify(build) ignored
[0.102s] Level 1:colcon.colcon_core.package_identification:_identify(install) by extensions ['ignore', 'ignore_ament_install']
[0.102s] Level 1:colcon.colcon_core.package_identification:_identify(install) by extension 'ignore'
[0.102s] Level 1:colcon.colcon_core.package_identification:_identify(install) ignored
[0.102s] Level 1:colcon.colcon_core.package_identification:_identify(log) by extensions ['ignore', 'ignore_ament_install']
[0.102s] Level 1:colcon.colcon_core.package_identification:_identify(log) by extension 'ignore'
[0.102s] Level 1:colcon.colcon_core.package_identification:_identify(log) ignored
[0.102s] Level 1:colcon.colcon_core.package_identification:_identify(px4_msgs) by extensions ['ignore', 'ignore_ament_install']
[0.102s] Level 1:colcon.colcon_core.package_identification:_identify(px4_msgs) by extension 'ignore'
[0.102s] Level 1:colcon.colcon_core.package_identification:_identify(px4_msgs) by extension 'ignore_ament_install'
[0.102s] Level 1:colcon.colcon_core.package_identification:_identify(px4_msgs) by extensions ['colcon_pkg']
[0.102s] Level 1:colcon.colcon_core.package_identification:_identify(px4_msgs) by extension 'colcon_pkg'
[0.102s] Level 1:colcon.colcon_core.package_identification:_identify(px4_msgs) by extensions ['colcon_meta']
[0.102s] Level 1:colcon.colcon_core.package_identification:_identify(px4_msgs) by extension 'colcon_meta'
[0.102s] Level 1:colcon.colcon_core.package_identification:_identify(px4_msgs) by extensions ['ros']
[0.102s] Level 1:colcon.colcon_core.package_identification:_identify(px4_msgs) by extension 'ros'
[0.105s] DEBUG:colcon.colcon_core.package_identification:Package 'px4_msgs' with type 'ros.ament_cmake' and name 'px4_msgs'
[0.105s] Level 1:colcon.colcon_core.package_identification:_identify(px4_offboard) by extensions ['ignore', 'ignore_ament_install']
[0.105s] Level 1:colcon.colcon_core.package_identification:_identify(px4_offboard) by extension 'ignore'
[0.105s] Level 1:colcon.colcon_core.package_identification:_identify(px4_offboard) by extension 'ignore_ament_install'
[0.105s] Level 1:colcon.colcon_core.package_identification:_identify(px4_offboard) by extensions ['colcon_pkg']
[0.105s] Level 1:colcon.colcon_core.package_identification:_identify(px4_offboard) by extension 'colcon_pkg'
[0.105s] Level 1:colcon.colcon_core.package_identification:_identify(px4_offboard) by extensions ['colcon_meta']
[0.105s] Level 1:colcon.colcon_core.package_identification:_identify(px4_offboard) by extension 'colcon_meta'
[0.105s] Level 1:colcon.colcon_core.package_identification:_identify(px4_offboard) by extensions ['ros']
[0.105s] Level 1:colcon.colcon_core.package_identification:_identify(px4_offboard) by extension 'ros'
[0.106s] DEBUG:colcon.colcon_core.package_identification:Package 'px4_offboard' with type 'ros.ament_python' and name 'px4_offboard'
[0.106s] Level 1:colcon.colcon_core.package_discovery:discover_packages(recursive) using defaults
[0.106s] Level 1:colcon.colcon_core.package_discovery:discover_packages(ignore) discover
[0.106s] Level 1:colcon.colcon_core.package_discovery:discover_packages(ignore) using defaults
[0.106s] Level 1:colcon.colcon_core.package_discovery:discover_packages(path) discover
[0.106s] Level 1:colcon.colcon_core.package_discovery:discover_packages(path) using defaults
[0.118s] INFO:colcon.colcon_core.package_selection:Skipping not selected package 'px4_offboard' in 'px4_offboard'
[0.119s] Level 1:colcon.colcon_core.package_discovery:discover_packages(prefix_path) check parameters
[0.119s] Level 1:colcon.colcon_core.package_discovery:discover_packages(prefix_path) discover
[0.120s] DEBUG:colcon.colcon_installed_package_information.package_discovery:Found 321 installed packages in /opt/ros/humble
[0.121s] Level 1:colcon.colcon_core.package_discovery:discover_packages(prefix_path) using defaults
[0.144s] Level 5:colcon.colcon_core.verb:set package 'px4_msgs' build argument 'cmake_args' from command line to 'None'
[0.144s] Level 5:colcon.colcon_core.verb:set package 'px4_msgs' build argument 'cmake_target' from command line to 'None'
[0.144s] Level 5:colcon.colcon_core.verb:set package 'px4_msgs' build argument 'cmake_target_skip_unavailable' from command line to 'False'
[0.144s] Level 5:colcon.colcon_core.verb:set package 'px4_msgs' build argument 'cmake_clean_cache' from command line to 'False'
[0.144s] Level 5:colcon.colcon_core.verb:set package 'px4_msgs' build argument 'cmake_clean_first' from command line to 'False'
[0.144s] Level 5:colcon.colcon_core.verb:set package 'px4_msgs' build argument 'cmake_force_configure' from command line to 'False'
[0.144s] Level 5:colcon.colcon_core.verb:set package 'px4_msgs' build argument 'ament_cmake_args' from command line to 'None'
[0.144s] Level 5:colcon.colcon_core.verb:set package 'px4_msgs' build argument 'catkin_cmake_args' from command line to 'None'
[0.144s] Level 5:colcon.colcon_core.verb:set package 'px4_msgs' build argument 'catkin_skip_building_tests' from command line to 'False'
[0.144s] DEBUG:colcon.colcon_core.verb:Building package 'px4_msgs' with the following arguments: {'ament_cmake_args': None, 'build_base': '/home/alanportatil2/Documentos/GitHub/drongit/build/px4_msgs', 'catkin_cmake_args': None, 'catkin_skip_building_tests': False, 'cmake_args': None, 'cmake_clean_cache': False, 'cmake_clean_first': False, 'cmake_force_configure': False, 'cmake_target': None, 'cmake_target_skip_unavailable': False, 'install_base': '/home/alanportatil2/Documentos/GitHub/drongit/install/px4_msgs', 'merge_install': False, 'path': '/home/alanportatil2/Documentos/GitHub/drongit/px4_msgs', 'symlink_install': False, 'test_result_base': None}
[0.144s] INFO:colcon.colcon_core.executor:Executing jobs using 'parallel' executor
[0.145s] DEBUG:colcon.colcon_parallel_executor.executor.parallel:run_until_complete
[0.145s] INFO:colcon.colcon_ros.task.ament_cmake.build:Building ROS package in '/home/alanportatil2/Documentos/GitHub/drongit/px4_msgs' with build type 'ament_cmake'
[0.145s] INFO:colcon.colcon_cmake.task.cmake.build:Building CMake package in '/home/alanportatil2/Documentos/GitHub/drongit/px4_msgs'
[0.146s] INFO:colcon.colcon_core.plugin_system:Skipping extension 'colcon_core.shell.bat': Not used on non-Windows systems
[0.146s] INFO:colcon.colcon_core.shell:Skip shell extension 'powershell' for command environment: Not usable outside of PowerShell
[0.146s] DEBUG:colcon.colcon_core.shell:Skip shell extension 'dsv' for command environment
[0.152s] DEBUG:colcon.colcon_core.event_handler.log_command:Invoking command in '/home/alanportatil2/Documentos/GitHub/drongit/build/px4_msgs': CMAKE_PREFIX_PATH=/opt/ros/humble /usr/bin/cmake /home/alanportatil2/Documentos/GitHub/drongit/px4_msgs -DCMAKE_INSTALL_PREFIX=/home/alanportatil2/Documentos/GitHub/drongit/install/px4_msgs
[2.699s] DEBUG:colcon.colcon_core.event_handler.log_command:Invoked command in '/home/alanportatil2/Documentos/GitHub/drongit/build/px4_msgs' returned '0': CMAKE_PREFIX_PATH=/opt/ros/humble /usr/bin/cmake /home/alanportatil2/Documentos/GitHub/drongit/px4_msgs -DCMAKE_INSTALL_PREFIX=/home/alanportatil2/Documentos/GitHub/drongit/install/px4_msgs
[2.700s] DEBUG:colcon.colcon_core.event_handler.log_command:Invoking command in '/home/alanportatil2/Documentos/GitHub/drongit/build/px4_msgs': CMAKE_PREFIX_PATH=/opt/ros/humble /usr/bin/cmake --build /home/alanportatil2/Documentos/GitHub/drongit/build/px4_msgs -- -j16 -l16
[111.449s] DEBUG:colcon.colcon_core.event_handler.log_command:Invoked command in '/home/alanportatil2/Documentos/GitHub/drongit/build/px4_msgs' returned '0': CMAKE_PREFIX_PATH=/opt/ros/humble /usr/bin/cmake --build /home/alanportatil2/Documentos/GitHub/drongit/build/px4_msgs -- -j16 -l16
[111.455s] DEBUG:colcon.colcon_core.event_handler.log_command:Invoking command in '/home/alanportatil2/Documentos/GitHub/drongit/build/px4_msgs': CMAKE_PREFIX_PATH=/opt/ros/humble /usr/bin/cmake --install /home/alanportatil2/Documentos/GitHub/drongit/build/px4_msgs
[112.180s] Level 1:colcon.colcon_core.environment:create_environment_scripts_only(px4_msgs)
[112.180s] DEBUG:colcon.colcon_core.event_handler.log_command:Invoked command in '/home/alanportatil2/Documentos/GitHub/drongit/build/px4_msgs' returned '0': CMAKE_PREFIX_PATH=/opt/ros/humble /usr/bin/cmake --install /home/alanportatil2/Documentos/GitHub/drongit/build/px4_msgs
[112.186s] Level 1:colcon.colcon_core.environment:checking '/home/alanportatil2/Documentos/GitHub/drongit/install/px4_msgs' for CMake module files
[112.186s] Level 1:colcon.colcon_core.environment:checking '/home/alanportatil2/Documentos/GitHub/drongit/install/px4_msgs' for CMake config files
[112.186s] Level 1:colcon.colcon_core.shell:create_environment_hook('px4_msgs', 'cmake_prefix_path')
[112.187s] INFO:colcon.colcon_core.shell:Creating environment hook '/home/alanportatil2/Documentos/GitHub/drongit/install/px4_msgs/share/px4_msgs/hook/cmake_prefix_path.ps1'
[112.187s] INFO:colcon.colcon_core.shell:Creating environment descriptor '/home/alanportatil2/Documentos/GitHub/drongit/install/px4_msgs/share/px4_msgs/hook/cmake_prefix_path.dsv'
[112.188s] INFO:colcon.colcon_core.shell:Creating environment hook '/home/alanportatil2/Documentos/GitHub/drongit/install/px4_msgs/share/px4_msgs/hook/cmake_prefix_path.sh'
[112.188s] Level 1:colcon.colcon_core.environment:checking '/home/alanportatil2/Documentos/GitHub/drongit/install/px4_msgs/lib'
[112.188s] Level 1:colcon.colcon_core.shell:create_environment_hook('px4_msgs', 'ld_library_path_lib')
[112.189s] INFO:colcon.colcon_core.shell:Creating environment hook '/home/alanportatil2/Documentos/GitHub/drongit/install/px4_msgs/share/px4_msgs/hook/ld_library_path_lib.ps1'
[112.189s] INFO:colcon.colcon_core.shell:Creating environment descriptor '/home/alanportatil2/Documentos/GitHub/drongit/install/px4_msgs/share/px4_msgs/hook/ld_library_path_lib.dsv'
[112.189s] INFO:colcon.colcon_core.shell:Creating environment hook '/home/alanportatil2/Documentos/GitHub/drongit/install/px4_msgs/share/px4_msgs/hook/ld_library_path_lib.sh'
[112.189s] Level 1:colcon.colcon_core.environment:checking '/home/alanportatil2/Documentos/GitHub/drongit/install/px4_msgs/bin'
[112.189s] Level 1:colcon.colcon_core.environment:checking '/home/alanportatil2/Documentos/GitHub/drongit/install/px4_msgs/lib/pkgconfig/px4_msgs.pc'
[112.189s] Level 1:colcon.colcon_core.environment:checking '/home/alanportatil2/Documentos/GitHub/drongit/install/px4_msgs/lib/python3.10/site-packages'
[112.190s] Level 1:colcon.colcon_core.environment:checking '/home/alanportatil2/Documentos/GitHub/drongit/install/px4_msgs/bin'
[112.190s] INFO:colcon.colcon_core.shell:Creating package script '/home/alanportatil2/Documentos/GitHub/drongit/install/px4_msgs/share/px4_msgs/package.ps1'
[112.190s] INFO:colcon.colcon_core.shell:Creating package descriptor '/home/alanportatil2/Documentos/GitHub/drongit/install/px4_msgs/share/px4_msgs/package.dsv'
[112.191s] INFO:colcon.colcon_core.shell:Creating package script '/home/alanportatil2/Documentos/GitHub/drongit/install/px4_msgs/share/px4_msgs/package.sh'
[112.192s] INFO:colcon.colcon_core.shell:Creating package script '/home/alanportatil2/Documentos/GitHub/drongit/install/px4_msgs/share/px4_msgs/package.bash'
[112.192s] INFO:colcon.colcon_core.shell:Creating package script '/home/alanportatil2/Documentos/GitHub/drongit/install/px4_msgs/share/px4_msgs/package.zsh'
[112.193s] Level 1:colcon.colcon_core.environment:create_file_with_runtime_dependencies(/home/alanportatil2/Documentos/GitHub/drongit/install/px4_msgs/share/colcon-core/packages/px4_msgs)
[112.193s] Level 1:colcon.colcon_core.environment:create_environment_scripts_only(px4_msgs)
[112.193s] Level 1:colcon.colcon_core.environment:checking '/home/alanportatil2/Documentos/GitHub/drongit/install/px4_msgs' for CMake module files
[112.194s] Level 1:colcon.colcon_core.environment:checking '/home/alanportatil2/Documentos/GitHub/drongit/install/px4_msgs' for CMake config files
[112.194s] Level 1:colcon.colcon_core.shell:create_environment_hook('px4_msgs', 'cmake_prefix_path')
[112.194s] INFO:colcon.colcon_core.shell:Creating environment hook '/home/alanportatil2/Documentos/GitHub/drongit/install/px4_msgs/share/px4_msgs/hook/cmake_prefix_path.ps1'
[112.194s] INFO:colcon.colcon_core.shell:Creating environment descriptor '/home/alanportatil2/Documentos/GitHub/drongit/install/px4_msgs/share/px4_msgs/hook/cmake_prefix_path.dsv'
[112.195s] INFO:colcon.colcon_core.shell:Creating environment hook '/home/alanportatil2/Documentos/GitHub/drongit/install/px4_msgs/share/px4_msgs/hook/cmake_prefix_path.sh'
[112.195s] Level 1:colcon.colcon_core.environment:checking '/home/alanportatil2/Documentos/GitHub/drongit/install/px4_msgs/lib'
[112.195s] Level 1:colcon.colcon_core.shell:create_environment_hook('px4_msgs', 'ld_library_path_lib')
[112.195s] INFO:colcon.colcon_core.shell:Creating environment hook '/home/alanportatil2/Documentos/GitHub/drongit/install/px4_msgs/share/px4_msgs/hook/ld_library_path_lib.ps1'
[112.195s] INFO:colcon.colcon_core.shell:Creating environment descriptor '/home/alanportatil2/Documentos/GitHub/drongit/install/px4_msgs/share/px4_msgs/hook/ld_library_path_lib.dsv'
[112.195s] INFO:colcon.colcon_core.shell:Creating environment hook '/home/alanportatil2/Documentos/GitHub/drongit/install/px4_msgs/share/px4_msgs/hook/ld_library_path_lib.sh'
[112.196s] Level 1:colcon.colcon_core.environment:checking '/home/alanportatil2/Documentos/GitHub/drongit/install/px4_msgs/bin'
[112.196s] Level 1:colcon.colcon_core.environment:checking '/home/alanportatil2/Documentos/GitHub/drongit/install/px4_msgs/lib/pkgconfig/px4_msgs.pc'
[112.196s] Level 1:colcon.colcon_core.environment:checking '/home/alanportatil2/Documentos/GitHub/drongit/install/px4_msgs/lib/python3.10/site-packages'
[112.196s] Level 1:colcon.colcon_core.environment:checking '/home/alanportatil2/Documentos/GitHub/drongit/install/px4_msgs/bin'
[112.196s] INFO:colcon.colcon_core.shell:Creating package script '/home/alanportatil2/Documentos/GitHub/drongit/install/px4_msgs/share/px4_msgs/package.ps1'
[112.196s] INFO:colcon.colcon_core.shell:Creating package descriptor '/home/alanportatil2/Documentos/GitHub/drongit/install/px4_msgs/share/px4_msgs/package.dsv'
[112.197s] INFO:colcon.colcon_core.shell:Creating package script '/home/alanportatil2/Documentos/GitHub/drongit/install/px4_msgs/share/px4_msgs/package.sh'
[112.197s] INFO:colcon.colcon_core.shell:Creating package script '/home/alanportatil2/Documentos/GitHub/drongit/install/px4_msgs/share/px4_msgs/package.bash'
[112.197s] INFO:colcon.colcon_core.shell:Creating package script '/home/alanportatil2/Documentos/GitHub/drongit/install/px4_msgs/share/px4_msgs/package.zsh'
[112.197s] Level 1:colcon.colcon_core.environment:create_file_with_runtime_dependencies(/home/alanportatil2/Documentos/GitHub/drongit/install/px4_msgs/share/colcon-core/packages/px4_msgs)
[112.197s] DEBUG:colcon.colcon_parallel_executor.executor.parallel:closing loop
[112.198s] DEBUG:colcon.colcon_parallel_executor.executor.parallel:loop closed
[112.198s] DEBUG:colcon.colcon_parallel_executor.executor.parallel:run_until_complete finished with '0'
[112.198s] DEBUG:colcon.colcon_core.event_reactor:joining thread
[112.201s] INFO:colcon.colcon_core.plugin_system:Skipping extension 'colcon_notification.desktop_notification.terminal_notifier': Not used on non-Darwin systems
[112.201s] INFO:colcon.colcon_core.plugin_system:Skipping extension 'colcon_notification.desktop_notification.win32': Not used on non-Windows systems
[112.201s] INFO:colcon.colcon_notification.desktop_notification:Sending desktop notification using 'notify2'
[112.209s] DEBUG:colcon.colcon_core.event_reactor:joined thread
[112.209s] INFO:colcon.colcon_core.shell:Creating prefix script '/home/alanportatil2/Documentos/GitHub/drongit/install/local_setup.ps1'
[112.210s] INFO:colcon.colcon_core.shell:Creating prefix util module '/home/alanportatil2/Documentos/GitHub/drongit/install/_local_setup_util_ps1.py'
[112.212s] INFO:colcon.colcon_core.shell:Creating prefix chain script '/home/alanportatil2/Documentos/GitHub/drongit/install/setup.ps1'
[112.212s] INFO:colcon.colcon_core.shell:Creating prefix script '/home/alanportatil2/Documentos/GitHub/drongit/install/local_setup.sh'
[112.213s] INFO:colcon.colcon_core.shell:Creating prefix util module '/home/alanportatil2/Documentos/GitHub/drongit/install/_local_setup_util_sh.py'
[112.214s] INFO:colcon.colcon_core.shell:Creating prefix chain script '/home/alanportatil2/Documentos/GitHub/drongit/install/setup.sh'
[112.214s] INFO:colcon.colcon_core.shell:Creating prefix script '/home/alanportatil2/Documentos/GitHub/drongit/install/local_setup.bash'
[112.215s] INFO:colcon.colcon_core.shell:Creating prefix chain script '/home/alanportatil2/Documentos/GitHub/drongit/install/setup.bash'
[112.216s] INFO:colcon.colcon_core.shell:Creating prefix script '/home/alanportatil2/Documentos/GitHub/drongit/install/local_setup.zsh'
[112.216s] INFO:colcon.colcon_core.shell:Creating prefix chain script '/home/alanportatil2/Documentos/GitHub/drongit/install/setup.zsh'
